#
# A fatal error has been detected by the Java Runtime Environment:
#
#  EXCEPTION_ACCESS_VIOLATION (0xc0000005) at pc=0x0000000072543409, pid=2944, tid=1492
#
# JRE version: Java(TM) SE Runtime Environment (8.0_45-b15) (build 1.8.0_45-b15)
# Java VM: Java HotSpot(TM) 64-Bit Server VM (25.45-b02 mixed mode windows-amd64 compressed oops)
# Problematic frame:
# V  [jvm.dll+0x33409]
#
# Failed to write core dump. Minidumps are not enabled by default on client versions of Windows
#
# If you would like to submit a bug report, please visit:
#   http://bugreport.java.com/bugreport/crash.jsp
#

---------------  T H R E A D  ---------------

Current thread (0x000000005518a800):  JavaThread "JDWP Transport Listener: dt_shmem" daemon [_thread_in_vm, id=1492, stack(0x0000000055810000,0x0000000055910000)]

siginfo: ExceptionCode=0xc0000005, reading address 0xffffffffffffffff

Registers:
RAX=0xfefefefefefefefe, RBX=0x000000005518a800, RCX=0xcccccccccccccccc, RDX=0x0000000013361ef8
RSP=0x000000005590f308, RBP=0x00000000004c90f0, RSI=0x000000005590f3c8, RDI=0xcccccccccccccccc
R8 =0x000000005518a800, R9 =0x0000000053d58600, R10=0x00000000537c10d0, R11=0x0000000072e4f5a0
R12=0x0000000072e472c8, R13=0x0000000072e472ac, R14=0x0000000072e4a308, R15=0x0000000000000001
RIP=0x0000000072543409, EFLAGS=0x0000000000010202

Top of Stack: (sp=0x000000005590f308)
0x000000005590f308:   00000000728521cc 0000000072e472ac
0x000000005590f318:   000000005518a9f8 000000005518a800
0x000000005590f328:   00000000726520cb 000000005518a800
0x000000005590f338:   0000000000000000 0000000000000000
0x000000005590f348:   0000000000000000 0000000053d40f10
0x000000005590f358:   0000000072e418ad 000000005518d4c0
0x000000005590f368:   0000000072e4c38c 0000000072e4c38c
0x000000005590f378:   000000005518a800 0000000072e4c38c
0x000000005590f388:   000000007264cc4b 000000005518a800
0x000000005590f398:   0000000000000000 0000000055485480
0x000000005590f3a8:   000000005518a800 0000000053d40f10
0x000000005590f3b8:   0000000072e43dd2 000000005518a9f8
0x000000005590f3c8:   0000000072e4c300 000000005590f560
0x000000005590f3d8:   0000000053d40f10 0000000053d3f1a8
0x000000005590f3e8:   0000000000000000 0000000053d3f1a8
0x000000005590f3f8:   0000000072e45c8f 0000000053d40f10 

Instructions: (pc=0x0000000072543409)
0x00000000725433e9:   cc cc cc cc cc cc cc 33 c0 48 39 41 30 0f 94 c0
0x00000000725433f9:   c3 cc cc cc cc cc cc 80 3d da 68 7c 00 00 74 16
0x0000000072543409:   44 8b 41 08 8b 0d 95 d3 75 00 49 d3 e0 4c 03 05
0x0000000072543419:   83 d3 75 00 eb 04 4c 8b 41 08 8b 4a 0c 8b c1 4a 


Register to memory mapping:

RAX=0xfefefefefefefefe is an unknown value
RBX=0x000000005518a800 is a thread
RCX=0xcccccccccccccccc is an unknown value
RDX=0x0000000013361ef8 is pointing into metadata
RSP=0x000000005590f308 is pointing into the stack for thread: 0x000000005518a800
RBP=0x00000000004c90f0 is an unknown value
RSI=0x000000005590f3c8 is pointing into the stack for thread: 0x000000005518a800
RDI=0xcccccccccccccccc is an unknown value
R8 =0x000000005518a800 is a thread
R9 =0x0000000053d58600 is an unknown value
R10=0x00000000537c10d0 is pointing into metadata
R11=0x0000000072e4f5a0 is an unknown value
R12=0x0000000072e472c8 is an unknown value
R13=0x0000000072e472ac is an unknown value
R14=0x0000000072e4a308 is an unknown value
R15=0x0000000000000001 is an unknown value


Stack: [0x0000000055810000,0x0000000055910000],  sp=0x000000005590f308,  free space=1020k
Native frames: (J=compiled Java code, j=interpreted, Vv=VM code, C=native code)
V  [jvm.dll+0x33409]


---------------  P R O C E S S  ---------------

Java Threads: ( => current thread )
  0x00000000551f3800 JavaThread "Service Thread" daemon [_thread_blocked, id=764, stack(0x0000000056170000,0x0000000056270000)]
  0x00000000551a6800 JavaThread "C1 CompilerThread2" daemon [_thread_blocked, id=628, stack(0x0000000055f70000,0x0000000056070000)]
  0x000000005519f000 JavaThread "C2 CompilerThread1" daemon [_thread_blocked, id=2140, stack(0x0000000055d10000,0x0000000055e10000)]
  0x000000005519b000 JavaThread "C2 CompilerThread0" daemon [_thread_blocked, id=956, stack(0x0000000055ad0000,0x0000000055bd0000)]
  0x0000000053d5e800 JavaThread "JDWP Command Reader" daemon [_thread_in_native, id=2540, stack(0x0000000055710000,0x0000000055810000)]
  0x0000000053d5d000 JavaThread "JDWP Event Helper Thread" daemon [_thread_blocked, id=3020, stack(0x0000000055980000,0x0000000055a80000)]
=>0x000000005518a800 JavaThread "JDWP Transport Listener: dt_shmem" daemon [_thread_in_vm, id=1492, stack(0x0000000055810000,0x0000000055910000)]
  0x0000000053d54000 JavaThread "Attach Listener" daemon [_thread_blocked, id=1524, stack(0x00000000555c0000,0x00000000556c0000)]
  0x0000000053d52800 JavaThread "Signal Dispatcher" daemon [_thread_blocked, id=2328, stack(0x0000000054ef0000,0x0000000054ff0000)]
  0x0000000053cf7000 JavaThread "Finalizer" daemon [_thread_blocked, id=1208, stack(0x0000000055080000,0x0000000055180000)]
  0x0000000053cf0000 JavaThread "Reference Handler" daemon [_thread_blocked, id=2580, stack(0x0000000054cf0000,0x0000000054df0000)]
  0x00000000004cf800 JavaThread "main" [_thread_blocked, id=1812, stack(0x0000000002430000,0x0000000002530000)]

Other Threads:
  0x0000000053cea800 VMThread [stack: 0x0000000054df0000,0x0000000054ef0000] [id=2196]
  0x00000000551f4000 WatcherThread [stack: 0x0000000055bd0000,0x0000000055cd0000] [id=2588]

VM state:not at safepoint (normal execution)

VM Mutex/Monitor currently owned by a thread: None

Heap:
 PSYoungGen      total 9728K, used 7154K [0x00000000f5580000, 0x00000000f6000000, 0x0000000100000000)
  eden space 8704K, 82% used [0x00000000f5580000,0x00000000f5c7c918,0x00000000f5e00000)
  from space 1024K, 0% used [0x00000000f5f00000,0x00000000f5f00000,0x00000000f6000000)
  to   space 1024K, 0% used [0x00000000f5e00000,0x00000000f5e00000,0x00000000f5f00000)
 ParOldGen       total 22016K, used 0K [0x00000000e0000000, 0x00000000e1580000, 0x00000000f5580000)
  object space 22016K, 0% used [0x00000000e0000000,0x00000000e0000000,0x00000000e1580000)
 Metaspace       used 5237K, capacity 5638K, committed 5760K, reserved 1056768K
  class space    used 589K, capacity 625K, committed 640K, reserved 1048576K

Card table byte_map: [0x0000000002140000,0x0000000002250000] byte_map_base: 0x0000000001a40000

Marking Bits: (ParMarkBitMap*) 0x0000000072d14040
 Begin Bits: [0x0000000012360000, 0x0000000012b60000)
 End Bits:   [0x0000000012b60000, 0x0000000013360000)

Polling page: 0x0000000000430000

CodeCache: size=245760Kb used=1385Kb max_used=1385Kb free=244374Kb
 bounds [0x0000000002800000, 0x0000000002a70000, 0x0000000011800000]
 total_blobs=443 nmethods=139 adapters=227
 compilation: enabled

Compilation events (10 events):
Event: 0.616 Thread 0x00000000551a6800  134       3       java.util.WeakHashMap::maskNull (12 bytes)
Event: 0.616 Thread 0x00000000551a6800 nmethod 134 0x0000000002952210 code [0x0000000002952360, 0x00000000029524f0]
Event: 0.616 Thread 0x00000000551a6800  135       3       java.util.WeakHashMap::hash (28 bytes)
Event: 0.616 Thread 0x00000000551a6800 nmethod 135 0x0000000002952550 code [0x00000000029526c0, 0x0000000002952908]
Event: 0.617 Thread 0x00000000551a6800  136       3       java.io.WinNTFileSystem::normalize (143 bytes)
Event: 0.618 Thread 0x00000000551a6800 nmethod 136 0x00000000029529d0 code [0x0000000002952bc0, 0x0000000002953448]
Event: 0.636 Thread 0x000000005519b000  137       4       java.lang.String::indexOf (70 bytes)
Event: 0.637 Thread 0x00000000551a6800  138       3       java.lang.String::equalsIgnoreCase (48 bytes)
Event: 0.638 Thread 0x00000000551a6800 nmethod 138 0x0000000002953850 code [0x00000000029539c0, 0x0000000002953d28]
Event: 0.639 Thread 0x000000005519b000 nmethod 137 0x0000000002956c10 code [0x0000000002956d60, 0x0000000002956f38]

GC Heap History (0 events):
No events

Deoptimization events (0 events):
No events

Internal exceptions (9 events):
Event: 0.209 Thread 0x00000000004cf800 Exception <a 'java/lang/NoSuchMethodError': Method sun.misc.Unsafe.defineClass(Ljava/lang/String;[BII)Ljava/lang/Class; name or signature does not match> (0x00000000f558d3a0) thrown at [C:\re\workspace\8-2-build-windows-amd64-cygwin\jdk8u45\3627\hotspot\sr
ðß3ÇÊ?
Event: 0.209 Thread 0x00000000004cf800 Exception <a 'java/lang/NoSuchMethodError': Method sun.misc.Unsafe.prefetchRead(Ljava/lang/Object;J)V name or signature does not match> (0x00000000f558d630) thrown at [C:\re\workspace\8-2-build-windows-amd64-cygwin\jdk8u45\3627\hotspot\src\share\vm\prims\j¶dpD‡a@
Event: 2.298 Thread 0x00000000004cf800 Exception <a 'java/security/PrivilegedActionException'> (0x00000000f58c8088) thrown at [C:\re\workspace\8-2-build-windows-amd64-cygwin\jdk8u45\3627\hotspot\src\share\vm\prims\jvm.cpp, line 1382]
Event: 2.298 Thread 0x00000000004cf800 Exception <a 'java/security/PrivilegedActionException'> (0x00000000f58c8240) thrown at [C:\re\workspace\8-2-build-windows-amd64-cygwin\jdk8u45\3627\hotspot\src\share\vm\prims\jvm.cpp, line 1382]
Event: 2.310 Thread 0x00000000004cf800 Exception <a 'java/security/PrivilegedActionException'> (0x00000000f58cbfd8) thrown at [C:\re\workspace\8-2-build-windows-amd64-cygwin\jdk8u45\3627\hotspot\src\share\vm\prims\jvm.cpp, line 1382]
Event: 2.310 Thread 0x00000000004cf800 Exception <a 'java/security/PrivilegedActionException'> (0x00000000f58cc190) thrown at [C:\re\workspace\8-2-build-windows-amd64-cygwin\jdk8u45\3627\hotspot\src\share\vm\prims\jvm.cpp, line 1382]
Event: 3.042 Thread 0x00000000004cf800 Exception <a 'java/lang/UnsatisfiedLinkError': The specified module could not be found.
> (0x00000000f59abdd0) thrown at [C:\re\workspace\8-2-build-windows-amd64-cygwin\jdk8u45\3627\hotspot\src\share\vm\prims\jni.cpp, line 735]
Event: 3.042 Thread 0x00000000004cf800 Exception <a 'java/lang/UnsatisfiedLinkError': The specified module could not be found.
> (0x00000000f59ac0c8) thrown at [C:\re\workspace\8-2-build-windows-amd64-cygwin\jdk8u45\3627\hotspot\src\share\vm\prims\jni.cpp, line 735]
Event: 3.043 Thread 0x00000000004cf800 Exception <a 'java/lang/UnsatisfiedLinkError': The specified module could not be found.
> (0x00000000f59ac450) thrown at [C:\re\workspace\8-2-build-windows-amd64-cygwin\jdk8u45\3627\hotspot\src\share\vm\prims\jni.cpp, line 735]

Events (10 events):
Event: 8.431 Executing VM operation: GetCurrentLocation
Event: 8.431 Executing VM operation: GetCurrentLocation done
Event: 8.431 Executing VM operation: ChangeSingleStep
Event: 8.431 Executing VM operation: ChangeSingleStep done
Event: 8.431 Executing VM operation: ChangeSingleStep
Event: 8.431 Executing VM operation: ChangeSingleStep done
Event: 9.862 Executing VM operation: ChangeBreakpoints
Event: 9.863 Executing VM operation: ChangeBreakpoints done
Event: 10.206 Executing VM operation: GetOrSetLocal
Event: 10.206 Executing VM operation: GetOrSetLocal done


Dynamic libraries:
0x000000013fb40000 - 0x000000013fb77000 	C:\Program Files\Java\jdk1.8.0_45\bin\java.exe
0x00000000771f0000 - 0x0000000077399000 	C:\Windows\SYSTEM32\ntdll.dll
0x00000000770d0000 - 0x00000000771ef000 	C:\Windows\system32\kernel32.dll
0x000007fefd290000 - 0x000007fefd2fc000 	C:\Windows\system32\KERNELBASE.dll
0x000007feff030000 - 0x000007feff10b000 	C:\Windows\system32\ADVAPI32.dll
0x000007feff460000 - 0x000007feff4ff000 	C:\Windows\system32\msvcrt.dll
0x000007fefdb20000 - 0x000007fefdb3f000 	C:\Windows\SYSTEM32\sechost.dll
0x000007fefd470000 - 0x000007fefd59d000 	C:\Windows\system32\RPCRT4.dll
0x0000000076fd0000 - 0x00000000770ca000 	C:\Windows\system32\USER32.dll
0x000007fefd360000 - 0x000007fefd3c7000 	C:\Windows\system32\GDI32.dll
0x000007feff020000 - 0x000007feff02e000 	C:\Windows\system32\LPK.dll
0x000007fefef50000 - 0x000007feff019000 	C:\Windows\system32\USP10.dll
0x000007fefb950000 - 0x000007fefbb44000 	C:\Windows\WinSxS\amd64_microsoft.windows.common-controls_6595b64144ccf1df_6.0.7601.18837_none_fa3b1e3d17594757\COMCTL32.dll
0x000007fefd910000 - 0x000007fefd981000 	C:\Windows\system32\SHLWAPI.dll
0x000007feff350000 - 0x000007feff37e000 	C:\Windows\system32\IMM32.DLL
0x000007fefed40000 - 0x000007fefee49000 	C:\Windows\system32\MSCTF.dll
0x0000000073550000 - 0x0000000073622000 	C:\Program Files\Java\jdk1.8.0_45\jre\bin\msvcr100.dll
0x0000000072510000 - 0x0000000072d93000 	C:\Program Files\Java\jdk1.8.0_45\jre\bin\server\jvm.dll
0x000007fef87a0000 - 0x000007fef87a9000 	C:\Windows\system32\WSOCK32.dll
0x000007feff300000 - 0x000007feff34d000 	C:\Windows\system32\WS2_32.dll
0x000007feff110000 - 0x000007feff118000 	C:\Windows\system32\NSI.dll
0x000007fef7af0000 - 0x000007fef7b2b000 	C:\Windows\system32\WINMM.dll
0x000007fefc1f0000 - 0x000007fefc1fc000 	C:\Windows\system32\VERSION.dll
0x00000000773b0000 - 0x00000000773b7000 	C:\Windows\system32\PSAPI.DLL
0x0000000074830000 - 0x000000007483f000 	C:\Program Files\Java\jdk1.8.0_45\jre\bin\verify.dll
0x0000000074800000 - 0x0000000074829000 	C:\Program Files\Java\jdk1.8.0_45\jre\bin\java.dll
0x0000000072e20000 - 0x0000000072e55000 	C:\Program Files\Java\jdk1.8.0_45\jre\bin\jdwp.dll
0x00000000731f0000 - 0x00000000731f8000 	C:\Program Files\Java\jdk1.8.0_45\jre\bin\npt.dll
0x00000000747e0000 - 0x00000000747f6000 	C:\Program Files\Java\jdk1.8.0_45\jre\bin\zip.dll
0x000007fefdfb0000 - 0x000007fefed39000 	C:\Windows\system32\SHELL32.dll
0x000007fefdda0000 - 0x000007fefdfa3000 	C:\Windows\system32\ole32.dll
0x000007fefcfa0000 - 0x000007fefcfaf000 	C:\Windows\system32\profapi.dll
0x00000000739d0000 - 0x00000000739db000 	C:\Program Files\Java\jdk1.8.0_45\jre\bin\dt_shmem.dll
0x000007fefc7a0000 - 0x000007fefc7b8000 	C:\Windows\system32\CRYPTSP.dll
0x000007fefc4a0000 - 0x000007fefc4e7000 	C:\Windows\system32\rsaenh.dll
0x000007fefd250000 - 0x000007fefd26e000 	C:\Windows\system32\USERENV.dll
0x000007fefce00000 - 0x000007fefce0f000 	C:\Windows\system32\CRYPTBASE.dll
0x00000000747c0000 - 0x00000000747da000 	C:\Program Files\Java\jdk1.8.0_45\jre\bin\net.dll
0x000007fefc740000 - 0x000007fefc795000 	C:\Windows\system32\mswsock.dll
0x000007fefc730000 - 0x000007fefc737000 	C:\Windows\System32\wship6.dll
0x000007fefc1c0000 - 0x000007fefc1e7000 	C:\Windows\system32\IPHLPAPI.DLL
0x000007fefc1b0000 - 0x000007fefc1bb000 	C:\Windows\system32\WINNSI.DLL
0x000007fef9d60000 - 0x000007fef9d71000 	C:\Windows\system32\dhcpcsvc6.DLL
0x000007fefbfe0000 - 0x000007fefbff8000 	C:\Windows\system32\dhcpcsvc.DLL
0x00000000747a0000 - 0x00000000747b1000 	C:\Program Files\Java\jdk1.8.0_45\jre\bin\nio.dll
0x0000000180000000 - 0x0000000180038000 	C:\Users\Somebody\AppData\Local\Temp\jna-1569913014\jna5158558878169468422.dll
0x00000000004a0000 - 0x00000000004b6000 	\\?\I:\jmonkeyengine-virtual-reality\build\classes\win32-x86-64\openvr_api.dll
0x0000000073130000 - 0x00000000731c8000 	C:\Windows\system32\MSVCP100.dll
0x00000000565b0000 - 0x00000000567ae000 	C:\Program Files (x86)\Steam\steamapps\common\SteamVR\bin\vrclient_x64.dll
0x000007fef63e0000 - 0x000007fef64fd000 	C:\Windows\system32\OPENGL32.dll
0x000007fef8770000 - 0x000007fef879d000 	C:\Windows\system32\GLU32.dll
0x000007fef3320000 - 0x000007fef3411000 	C:\Windows\system32\DDRAW.dll
0x000007fef87b0000 - 0x000007fef87b8000 	C:\Windows\system32\DCIMAN32.dll
0x000007feff120000 - 0x000007feff2f7000 	C:\Windows\system32\SETUPAPI.dll
0x000007fefd210000 - 0x000007fefd246000 	C:\Windows\system32\CFGMGR32.dll
0x000007feff380000 - 0x000007feff457000 	C:\Windows\system32\OLEAUT32.dll
0x000007fefd320000 - 0x000007fefd33a000 	C:\Windows\system32\DEVOBJ.dll
0x000007fefb100000 - 0x000007fefb118000 	C:\Windows\system32\dwmapi.dll
0x000007fef70e0000 - 0x000007fef72b5000 	C:\Windows\system32\d3d11.dll
0x000007fef8180000 - 0x000007fef81dd000 	C:\Windows\system32\dxgi.dll
0x0000000056070000 - 0x0000000056155000 	C:\Program Files (x86)\Steam\steamapps\common\SteamVR\drivers\lighthouse\bin\win64\driver_lighthouse.dll
0x000007fefcfc0000 - 0x000007fefcffb000 	C:\Windows\system32\WINTRUST.dll
0x000007fefd000000 - 0x000007fefd16d000 	C:\Windows\system32\CRYPT32.dll
0x000007fefcfb0000 - 0x000007fefcfbf000 	C:\Windows\system32\MSASN1.dll
0x0000000002250000 - 0x00000000022e6000 	C:\Program Files (x86)\Steam\steamapps\common\SteamVR\drivers\oculus\bin\win64\driver_oculus.dll
0x000007fefa700000 - 0x000007fefa825000 	C:\Windows\system32\dbghelp.dll
0x0000000001dc0000 - 0x0000000001dcc000 	C:\Program Files (x86)\Steam\steamapps\common\SteamVR\drivers\null\bin\win64\driver_null.dll

VM Arguments:
jvm_args: -Xdebug -Xrunjdwp:transport=dt_shmem,address=javadebug -Dfile.encoding=UTF-8 
java_command: jmevr.TestVRApplication
java_class_path (initial): I:\jmonkeyengine-virtual-reality\jna-4.1.0.jar;I:\jmonkeyengine-virtual-reality\guava-17.0.jar;I:\jme3_gitrw\jmonkeyengine\dist\lib\jme3-core.jar;I:\jme3_gitrw\jmonkeyengine\dist\jMonkeyEngine3.jar;I:\jme3_gitrw\jmonkeyengine\dist\lib\jme3-effects.jar;I:\jme3_gitrw\jmonkeyengine\dist\lib\jme3-niftygui.jar;I:\jme3_gitrw\jmonkeyengine\dist\lib\nifty.jar;I:\jme3_gitrw\jmonkeyengine\dist\lib\jme3-terrain.jar;I:\jme3_gitrw\jmonkeyengine\dist\lib\lwjgl.jar;I:\jmonkeyengine-virtual-reality\jovr-0.4.4.0.jar;I:\jmonkeyengine-virtual-reality\build\classes;I:\jmonkeyengine-virtual-reality\assets
Launcher Type: SUN_STANDARD

Environment Variables:
PATH=C:\ProgramData\Oracle\Java\javapath;C:\Windows\system32;C:\Windows;C:\Windows\System32\Wbem;C:\Windows\System32\WindowsPowerShell\v1.0\;C:\Program Files (x86)\CMake 2.8\bin
USERNAME=Somebody
OS=Windows_NT
PROCESSOR_IDENTIFIER=Intel64 Family 6 Model 60 Stepping 3, GenuineIntel



---------------  S Y S T E M  ---------------

OS: Windows 7 , 64 bit Build 7601 (6.1.7601.18869)

CPU:total 4 (4 cores per cpu, 1 threads per core) family 6 model 60 stepping 3, cmov, cx8, fxsr, mmx, sse, sse2, sse3, ssse3, tsc

Memory: 4k page, physical 2096696k(609768k free), swap 4193392k(2592020k free)

vm_info: Java HotSpot(TM) 64-Bit Server VM (25.45-b02) for windows-amd64 JRE (1.8.0_45-b15), built on Apr 30 2015 12:40:44 by "java_re" with MS VC++ 10.0 (VS2010)

time: Mon Jun 15 11:02:06 2015
elapsed time: 11 seconds (0d 0h 0m 11s)

